
[debug] Scanning tracker @ 0x4890Fa91bdac67dCe15AFc41c940C12C32B870B6
[debug] Validating tracker results with factory @ 0x2F33b4cea1C6b4211389E82434f10F9bd68Ca57A
[debug] Scanning from 2262048 to 2262348
[debug] Initial tracker result: 0x102BEe23A69f7C1D97CDB43Ca9aD664582757c3c
[debug] Found request @ 0x102BEe23A69f7C1D97CDB43Ca9aD664582757c3c
[debug] Found request @ 0x102BEe23A69f7C1D97CDB43Ca9aD664582757c3c - window start: 2262053 
[cache] stored 0x102BEe23A69f7C1D97CDB43Ca9aD664582757c3c with value 2262053
[debug] Found request @ 0xAa1BC228C6dc444Db8708ce0b29232087bea17eb
[debug] Found request @ 0xAa1BC228C6dc444Db8708ce0b29232087bea17eb - window start: 2262080 
[cache] stored 0xAa1BC228C6dc444Db8708ce0b29232087bea17eb with value 2262080
[debug] Found request @ 0x822fcd1D61733315b3F42f3A06f3AC8379Fd9565
[debug] Found request @ 0x822fcd1D61733315b3F42f3A06f3AC8379Fd9565 - window start: 2262082 
[cache] stored 0x822fcd1D61733315b3F42f3A06f3AC8379Fd9565 with value 2262082
[cache] accessed 0x102BEe23A69f7C1D97CDB43Ca9aD664582757c3c
[cache] accessed 0xAa1BC228C6dc444Db8708ce0b29232087bea17eb
[cache] accessed 0x822fcd1D61733315b3F42f3A06f3AC8379Fd9565
[debug] already called
[cache] stored 0x102BEe23A69f7C1D97CDB43Ca9aD664582757c3c with value -1
[debug] already called
[cache] stored 0xAa1BC228C6dc444Db8708ce0b29232087bea17eb with value -1
[debug] already called
[cache] stored 0x822fcd1D61733315b3F42f3A06f3AC8379Fd9565 with value -1
